
Wed 16 Aug 2023 12:26:54 AM UTC: 
 exercises.c | 78 ++++++++++++++++++++++++++++++++++++++++++++++++++++++-------
 1 file changed, 69 insertions(+), 9 deletions(-)
 tests:  0|5
total_score: 20/70
bbaeb25
Wed 16 Aug 2023 12:30:08 AM UTC: 
 exercises.c | 5 +++++
 1 file changed, 5 insertions(+)
In file included from test.c:1:
exercises.c: In function ‘reverseArray’:
exercises.c:34:25: error: expected ‘;’ before ‘:’ token
   34 |     printf("%d ",arr[i]):
      |                         ^
      |                         ;
Compilation failed
c57a9ee
Wed 16 Aug 2023 12:30:22 AM UTC: 
 exercises.c | 2 +-
 1 file changed, 1 insertion(+), 1 deletion(-)
 tests:  0|5
total_score: 20/70
4c31b20
Wed 16 Aug 2023 12:33:57 AM UTC: 
 exercises.c | 5 -----
 1 file changed, 5 deletions(-)
 tests:  0|5
total_score: 20/70
5709582
Wed 16 Aug 2023 12:34:59 AM UTC: 
 exercises.c | 5 +++++
 1 file changed, 5 insertions(+)
 tests:  0|5
total_score: 20/70
97c7dfe
Wed 16 Aug 2023 12:35:45 AM UTC: 
 exercises.c | 2 +-
 1 file changed, 1 insertion(+), 1 deletion(-)
In file included from test.c:1:
exercises.c: In function ‘reverseArray’:
exercises.c:38:22: error: suggest parentheses around assignment used as truth value [-Werror=parentheses]
   38 |   for(int i=size-1 ; i=0 ; i--){
      |                      ^
cc1: all warnings being treated as errors
Compilation failed
4f05337
Wed 16 Aug 2023 12:35:52 AM UTC: 
 exercises.c | 2 +-
 1 file changed, 1 insertion(+), 1 deletion(-)
 tests:  0|5
total_score: 20/70
610e02e
Wed 16 Aug 2023 12:36:33 AM UTC: 
 exercises.c | 5 -----
 1 file changed, 5 deletions(-)
 tests:  0|5
total_score: 20/70
2bd0398
Wed 16 Aug 2023 12:41:00 AM UTC: 
 exercises.c | 7 ++++---
 1 file changed, 4 insertions(+), 3 deletions(-)
 tests:  0|4
total_score: 30/70
362ba1d
Wed 16 Aug 2023 02:02:10 PM UTC: 
 exercises.c | 27 +++++++++++++++++++++++++++
 1 file changed, 27 insertions(+)
In file included from test.c:1:
exercises.c: In function ‘mergeSortedArrays’:
exercises.c:81:3: error: implicit declaration of function ‘mergeSort’ [-Werror=implicit-function-declaration]
   81 |   mergeSort(arr1, 0, tamaño1 - 1);
      |   ^~~~~~~~~
exercises.c:81:22: error: ‘tamaño1’ undeclared (first use in this function)
   81 |   mergeSort(arr1, 0, tamaño1 - 1);
      |                      ^~~~~~~
exercises.c:81:22: note: each undeclared identifier is reported only once for each function it appears in
exercises.c:82:24: error: ‘tamaño2’ undeclared (first use in this function)
   82 |     mergeSort(arr2, 0, tamaño2 - 1);
      |                        ^~~~~~~
exercises.c: At top level:
exercises.c:110:1: error: expected identifier or ‘(’ before ‘}’ token
  110 | }
      | ^
cc1: all warnings being treated as errors
Compilation failed
5d4ed64
Wed 16 Aug 2023 02:03:55 PM UTC: 
 exercises.c | 5 ++---
 1 file changed, 2 insertions(+), 3 deletions(-)
In file included from test.c:1:
exercises.c: In function ‘mergeSortedArrays’:
exercises.c:81:3: error: implicit declaration of function ‘mergeSort’ [-Werror=implicit-function-declaration]
   81 |   mergeSort(arr1, 0, size1 - 1);
      |   ^~~~~~~~~
cc1: all warnings being treated as errors
Compilation failed
a7fe953
Wed 16 Aug 2023 02:05:49 PM UTC: 
 exercises.c | 18 +++++-------------
 1 file changed, 5 insertions(+), 13 deletions(-)
In file included from test.c:1:
exercises.c: In function ‘mergeSortedArrays’:
exercises.c:83:33: error: ‘tamaño1’ undeclared (first use in this function)
   83 |   for (i = 0, j = 0, k = 0; i < tamaño1 && j < tamaño2; k++) {
      |                                 ^~~~~~~
exercises.c:83:33: note: each undeclared identifier is reported only once for each function it appears in
exercises.c:83:49: error: ‘tamaño2’ undeclared (first use in this function)
   83 |   for (i = 0, j = 0, k = 0; i < tamaño1 && j < tamaño2; k++) {
      |                                                ^~~~~~~
exercises.c:85:11: error: ‘resultado’ undeclared (first use in this function); did you mean ‘result’?
   85 |           resultado[k] = arr1[i];
      |           ^~~~~~~~~
      |           result
Compilation failed
295f845
Wed 16 Aug 2023 02:05:59 PM UTC: 
 exercises.c | 2 +-
 1 file changed, 1 insertion(+), 1 deletion(-)
In file included from test.c:1:
exercises.c: In function ‘mergeSortedArrays’:
exercises.c:83:33: error: ‘tamaño1’ undeclared (first use in this function)
   83 |   for (i = 0, j = 0, k = 0; i < tamaño1 && j < tamaño2; k++) {
      |                                 ^~~~~~~
exercises.c:83:33: note: each undeclared identifier is reported only once for each function it appears in
exercises.c:83:49: error: ‘tamaño2’ undeclared (first use in this function)
   83 |   for (i = 0, j = 0, k = 0; i < tamaño1 && j < tamaño2; k++) {
      |                                                ^~~~~~~
Compilation failed
ef12421
Wed 16 Aug 2023 02:06:07 PM UTC: 
 exercises.c | 2 +-
 1 file changed, 1 insertion(+), 1 deletion(-)
In file included from test.c:1:
exercises.c: In function ‘mergeSortedArrays’:
exercises.c:83:33: error: ‘size’ undeclared (first use in this function); did you mean ‘size2’?
   83 |   for (i = 0, j = 0, k = 0; i < size && j < size2; k++) {
      |                                 ^~~~
      |                                 size2
exercises.c:83:33: note: each undeclared identifier is reported only once for each function it appears in
Compilation failed
e8eabd4
Wed 16 Aug 2023 02:06:21 PM UTC: 
 exercises.c | 2 +-
 1 file changed, 1 insertion(+), 1 deletion(-)
 tests:  0|3
total_score: 40/70
674fa0c
Wed 16 Aug 2023 02:15:14 PM UTC: 
 exercises.c | 2 +-
 1 file changed, 1 insertion(+), 1 deletion(-)
 tests:  0|0
72c69ff
Wed 16 Aug 2023 02:17:44 PM UTC: 
 exercises.c | 7 +++----
 1 file changed, 3 insertions(+), 4 deletions(-)
In file included from test.c:1:
exercises.c: In function ‘mergeSortedArrays’:
exercises.c:82:19: error: expected identifier or ‘(’ before ‘int’
   82 |   for (int i = 0, int j = 0,int k = 0; i < size1 && j < size2; k++) {
      |                   ^~~
exercises.c:82:53: error: ‘j’ undeclared (first use in this function)
   82 |   for (int i = 0, int j = 0,int k = 0; i < size1 && j < size2; k++) {
      |                                                     ^
exercises.c:82:53: note: each undeclared identifier is reported only once for each function it appears in
exercises.c:82:64: error: ‘k’ undeclared (first use in this function)
   82 |   for (int i = 0, int j = 0,int k = 0; i < size1 && j < size2; k++) {
      |                                                                ^
Compilation failed
ae1d08d
Wed 16 Aug 2023 02:18:48 PM UTC: 
 exercises.c | 7 ++++---
 1 file changed, 4 insertions(+), 3 deletions(-)
 tests:  0|3
total_score: 40/70
dcce4c9
Thu 17 Aug 2023 02:54:08 AM UTC: 
 exercises.c | 28 ++++++++++++++++++++++++++++
 1 file changed, 28 insertions(+)
In file included from test.c:1:
exercises.c:110:7: error: ‘checkSorted’ defined but not used [-Werror=unused-function]
  110 |   int checkSorted(int arr[], int size) {
      |       ^~~~~~~~~~~
cc1: all warnings being treated as errors
Compilation failed
53c3f45
Thu 17 Aug 2023 02:54:48 AM UTC: 
 exercises.c | 3 ---
 1 file changed, 3 deletions(-)
 tests:  0|2
total_score: 50/70
6d486ad
Thu 17 Aug 2023 03:01:48 AM UTC: 
 exercises.c | 10 +++++++---
 1 file changed, 7 insertions(+), 3 deletions(-)
In file included from test.c:1:
exercises.c: In function ‘inicializarLibro’:
exercises.c:162:34: error: ‘MAX_TITULO_LEN’ undeclared (first use in this function)
  162 |   strncpy(libro->titulo, titulo, MAX_TITULO_LEN);
      |                                  ^~~~~~~~~~~~~~
exercises.c:162:34: note: each undeclared identifier is reported only once for each function it appears in
exercises.c:163:45: error: ‘MAX_AUTOR_LEN’ undeclared (first use in this function)
  163 |   strncpy(libro->autor.nombre, nombreAutor, MAX_AUTOR_LEN);
      |                                             ^~~~~~~~~~~~~
exercises.c:164:15: error: ‘Autor’ has no member named ‘edad’
  164 |   libro->autor.edad = edadAutor;
      |               ^
exercises.c:164:23: error: ‘edadAutor’ undeclared (first use in this function)
  164 |   libro->autor.edad = edadAutor;
      |                       ^~~~~~~~~
exercises.c:165:10: error: ‘Libro’ has no member named ‘añoPublicacion’; did you mean ‘anioPublicacion’?
  165 |   libro->añoPublicacion = añoPublicacion;
      |          ^~~~~~~~~~~~~~
      |          anioPublicacion
exercises.c:165:28: error: ‘añoPublicacion’ undeclared (first use in this function); did you mean ‘anioPublicacion’?
  165 |   libro->añoPublicacion = añoPublicacion;
      |                           ^~~~~~~~~~~~~~
      |                           anioPublicacion
Compilation failed
756fc07
Thu 17 Aug 2023 03:03:37 AM UTC: 
 exercises.c | 8 ++++----
 1 file changed, 4 insertions(+), 4 deletions(-)
In file included from test.c:1:
exercises.c: In function ‘inicializarLibro’:
exercises.c:163:58: error: ‘autor’ undeclared (first use in this function); did you mean ‘Autor’?
  163 |   strncpy(libro->autor.nombre, nombreAutor, sizeof(libro>autor.nombre));
      |                                                          ^~~~~
      |                                                          Autor
exercises.c:163:58: note: each undeclared identifier is reported only once for each function it appears in
exercises.c:164:33: error: ‘anioNacimientoAutor’ undeclared (first use in this function); did you mean ‘anioNacimiento’?
  164 |   libro->autor.anioNacimiento = anioNacimientoAutor;
      |                                 ^~~~~~~~~~~~~~~~~~~
      |                                 anioNacimiento
Compilation failed
bb0878c
Thu 17 Aug 2023 03:04:21 AM UTC: 
 exercises.c | 2 +-
 1 file changed, 1 insertion(+), 1 deletion(-)
In file included from test.c:1:
exercises.c: In function ‘inicializarLibro’:
exercises.c:163:58: error: ‘autor’ undeclared (first use in this function); did you mean ‘Autor’?
  163 |   strncpy(libro->autor.nombre, nombreAutor, sizeof(libro>autor.nombre));
      |                                                          ^~~~~
      |                                                          Autor
exercises.c:163:58: note: each undeclared identifier is reported only once for each function it appears in
Compilation failed
e29b1cb
Thu 17 Aug 2023 03:04:45 AM UTC: 
 exercises.c | 4 ++--
 1 file changed, 2 insertions(+), 2 deletions(-)
In file included from test.c:1:
exercises.c: In function ‘inicializarLibro’:
exercises.c:163:18: error: ‘Libro’ has no member named ‘Autor’; did you mean ‘autor’?
  163 |   strncpy(libro->Autor.nombre, nombreAutor, sizeof(libro>Autor.nombre));
      |                  ^~~~~
      |                  autor
exercises.c:163:58: error: expected expression before ‘Autor’
  163 |   strncpy(libro->Autor.nombre, nombreAutor, sizeof(libro>Autor.nombre));
      |                                                          ^~~~~
exercises.c:164:10: error: ‘Libro’ has no member named ‘Autor’; did you mean ‘autor’?
  164 |   libro->Autor.anioNacimiento = anioNacimiento;
      |          ^~~~~
      |          autor
Compilation failed
b2c1290
Thu 17 Aug 2023 03:06:15 AM UTC: 
 exercises.c | 4 ++--
 1 file changed, 2 insertions(+), 2 deletions(-)
In file included from test.c:1:
exercises.c: In function ‘inicializarLibro’:
exercises.c:164:33: error: ‘anioNacimientoAutor’ undeclared (first use in this function); did you mean ‘anioNacimiento’?
  164 |   libro->autor.anioNacimiento = anioNacimientoAutor;
      |                                 ^~~~~~~~~~~~~~~~~~~
      |                                 anioNacimiento
exercises.c:164:33: note: each undeclared identifier is reported only once for each function it appears in
Compilation failed
6071af6
Thu 17 Aug 2023 03:06:42 AM UTC: 
 exercises.c | 4 ++--
 1 file changed, 2 insertions(+), 2 deletions(-)
In file included from test.c:1:
exercises.c:157:3: error: unknown type name ‘Autor’
  157 |   Autor autor;
      |   ^~~~~
exercises.c:161:23: error: unknown type name ‘Libro’; did you mean ‘libro’?
  161 | void inicializarLibro(Libro *libro, const char *titulo, const char *nombreAutor,int anioNacimiento, int anioPublicacion){
      |                       ^~~~~
      |                       libro
test.c:289:26: error: unknown type name ‘Libro’
  289 | void imprimirLibro(const Libro *libro) {
      |                          ^~~~~
test.c: In function ‘imprimirLibro’:
test.c:290:36: error: request for member ‘titulo’ in something not a structure or union
  290 |   printf("    Título: %s\n", libro->titulo);
      |                                   ^~
test.c:291:50: error: request for member ‘autor’ in something not a structure or union
  291 |   printf("    Autor: %s (Nacido en: %d)\n", libro->autor.nombre, libro->autor.anioNacimiento);
      |                                                  ^~
test.c:291:71: error: request for member ‘autor’ in something not a structure or union
  291 |   printf("    Autor: %s (Nacido en: %d)\n", libro->autor.nombre, libro->autor.anioNacimiento);
      |                                                                       ^~
test.c:292:49: error: request for member ‘anioPublicacion’ in something not a structure or union
  292 |   printf("    Año de Publicación: %d\n", libro->anioPublicacion);
      |                                               ^~
test.c: In function ‘test_biblioteca’:
test.c:296:3: error: unknown type name ‘Libro’; did you mean ‘libro’?
  296 |   Libro libro;
      |   ^~~~~
      |   libro
test.c:306:5: error: implicit declaration of function ‘inicializarLibro’ [-Werror=implicit-function-declaration]
  306 |     inicializarLibro(&libro, titulos[i], autores[i], aniosNacimiento[i],
      |     ^~~~~~~~~~~~~~~~
test.c:312:21: error: request for member ‘titulo’ in something not a structure or union
  312 |     if (strcmp(libro.titulo, titulos[i]) != 0 ||
      |                     ^
test.c:313:21: error: request for member ‘autor’ in something not a structure or union
  313 |         strcmp(libro.autor.nombre, autores[i]) != 0 ||
      |                     ^
test.c:314:14: error: request for member ‘autor’ in something not a structure or union
  314 |         libro.autor.anioNacimiento != aniosNacimiento[i] ||
      |              ^
test.c:315:14: error: request for member ‘anioPublicacion’ in something not a structure or union
  315 |         libro.anioPublicacion != aniosPublicacion[i]) {
      |              ^
cc1: all warnings being treated as errors
Compilation failed
72087f9
Thu 17 Aug 2023 03:06:54 AM UTC: 
 exercises.c | 4 ++--
 1 file changed, 2 insertions(+), 2 deletions(-)
In file included from test.c:1:
exercises.c: In function ‘inicializarLibro’:
exercises.c:164:33: error: ‘anioNacimientoAutor’ undeclared (first use in this function); did you mean ‘anioNacimiento’?
  164 |   libro->autor.anioNacimiento = anioNacimientoAutor;
      |                                 ^~~~~~~~~~~~~~~~~~~
      |                                 anioNacimiento
exercises.c:164:33: note: each undeclared identifier is reported only once for each function it appears in
Compilation failed
581c32f
Thu 17 Aug 2023 03:11:02 AM UTC: 
 exercises.c | 10 ++++++----
 1 file changed, 6 insertions(+), 4 deletions(-)
In file included from test.c:1:
exercises.c: In function ‘inicializarLibro’:
exercises.c:162:9: error: ‘libro’ redeclared as different kind of symbol
  162 |   Libro libro;
      |         ^~~~~
exercises.c:161:30: note: previous definition of ‘libro’ was here
  161 | void inicializarLibro(Libro *libro, const char *titulo, const char *nombreAutor,int anioNacimiento, int anioPublicacion){
      |                       ~~~~~~~^~~~~
exercises.c:165:34: error: ‘anioNacimientoAutor’ undeclared (first use in this function); did you mean ‘anioNacimiento’?
  165 |     libro.autor.anioNacimiento = anioNacimientoAutor;
      |                                  ^~~~~~~~~~~~~~~~~~~
      |                                  anioNacimiento
exercises.c:165:34: note: each undeclared identifier is reported only once for each function it appears in
exercises.c:167:12: error: ‘return’ with a value, in function returning void [-Werror=return-type]
  167 |     return libro;
      |            ^~~~~
exercises.c:161:6: note: declared here
  161 | void inicializarLibro(Libro *libro, const char *titulo, const char *nombreAutor,int anioNacimiento, int anioPublicacion){
      |      ^~~~~~~~~~~~~~~~
cc1: all warnings being treated as errors
Compilation failed
2f9511f
Thu 17 Aug 2023 03:11:18 AM UTC: 
 exercises.c | 2 +-
 1 file changed, 1 insertion(+), 1 deletion(-)
In file included from test.c:1:
exercises.c: In function ‘inicializarLibro’:
exercises.c:162:9: error: ‘libro’ redeclared as different kind of symbol
  162 |   Libro libro;
      |         ^~~~~
exercises.c:161:30: note: previous definition of ‘libro’ was here
  161 | void inicializarLibro(Libro *libro, const char *titulo, const char *nombreAutor,int anioNacimiento, int anioPublicacion){
      |                       ~~~~~~~^~~~~
exercises.c:165:34: error: ‘anioNacimientoAutor’ undeclared (first use in this function); did you mean ‘anioNacimiento’?
  165 |     libro.autor.anioNacimiento = anioNacimientoAutor;
      |                                  ^~~~~~~~~~~~~~~~~~~
      |                                  anioNacimiento
exercises.c:165:34: note: each undeclared identifier is reported only once for each function it appears in
Compilation failed
db4e6fe
Thu 17 Aug 2023 03:12:28 AM UTC: 
 exercises.c | 9 ++++-----
 1 file changed, 4 insertions(+), 5 deletions(-)
In file included from /nix/store/iwd8ic5hhwdxn5dga0im55g5hjl270cd-glibc-2.33-47-dev/include/string.h:519,
                 from exercises.c:5,
                 from test.c:1:
In function ‘strncpy’,
    inlined from ‘inicializarLibro’ at exercises.c:162:3:
/nix/store/iwd8ic5hhwdxn5dga0im55g5hjl270cd-glibc-2.33-47-dev/include/bits/string_fortified.h:95:10: error: ‘__builtin_strncpy’ specified bound 100 equals destination size [-Werror=stringop-truncation]
   95 |   return __builtin___strncpy_chk (__dest, __src, __len,
      |          ^~~~~~~~~~~~~~~~~~~~~~~~~~~~~~~~~~~~~~~~~~~~~~
   96 |       __glibc_objsize (__dest));
      |       ~~~~~~~~~~~~~~~~~~~~~~~~~
In function ‘strncpy’,
    inlined from ‘inicializarLibro’ at exercises.c:163:3:
/nix/store/iwd8ic5hhwdxn5dga0im55g5hjl270cd-glibc-2.33-47-dev/include/bits/string_fortified.h:95:10: error: ‘__builtin_strncpy’ specified bound 50 equals destination size [-Werror=stringop-truncation]
   95 |   return __builtin___strncpy_chk (__dest, __src, __len,
      |          ^~~~~~~~~~~~~~~~~~~~~~~~~~~~~~~~~~~~~~~~~~~~~~
   96 |       __glibc_objsize (__dest));
      |       ~~~~~~~~~~~~~~~~~~~~~~~~~
cc1: all warnings being treated as errors
Compilation failed
69eeee0
Thu 17 Aug 2023 03:15:05 AM UTC: 
 exercises.c | 3 ++-
 1 file changed, 2 insertions(+), 1 deletion(-)
In file included from test.c:1:
exercises.c: In function ‘inicializarLibro’:
exercises.c:165:10: error: ‘Libro’ has no member named ‘libro’
  165 |     libro->libro.anioPublicacion = anioPublicacion;
      |          ^~
Compilation failed
aa47ff5
Thu 17 Aug 2023 03:15:19 AM UTC: 
 exercises.c | 2 +-
 1 file changed, 1 insertion(+), 1 deletion(-)
In file included from /nix/store/iwd8ic5hhwdxn5dga0im55g5hjl270cd-glibc-2.33-47-dev/include/string.h:519,
                 from exercises.c:5,
                 from test.c:1:
In function ‘strncpy’,
    inlined from ‘inicializarLibro’ at exercises.c:162:3:
/nix/store/iwd8ic5hhwdxn5dga0im55g5hjl270cd-glibc-2.33-47-dev/include/bits/string_fortified.h:95:10: error: ‘__builtin_strncpy’ specified bound 100 equals destination size [-Werror=stringop-truncation]
   95 |   return __builtin___strncpy_chk (__dest, __src, __len,
      |          ^~~~~~~~~~~~~~~~~~~~~~~~~~~~~~~~~~~~~~~~~~~~~~
   96 |       __glibc_objsize (__dest));
      |       ~~~~~~~~~~~~~~~~~~~~~~~~~
In function ‘strncpy’,
    inlined from ‘inicializarLibro’ at exercises.c:163:5:
/nix/store/iwd8ic5hhwdxn5dga0im55g5hjl270cd-glibc-2.33-47-dev/include/bits/string_fortified.h:95:10: error: ‘__builtin_strncpy’ specified bound 50 equals destination size [-Werror=stringop-truncation]
   95 |   return __builtin___strncpy_chk (__dest, __src, __len,
      |          ^~~~~~~~~~~~~~~~~~~~~~~~~~~~~~~~~~~~~~~~~~~~~~
   96 |       __glibc_objsize (__dest));
      |       ~~~~~~~~~~~~~~~~~~~~~~~~~
cc1: all warnings being treated as errors
Compilation failed
ec60420
Thu 17 Aug 2023 03:16:10 AM UTC: 
 exercises.c | 4 ++--
 1 file changed, 2 insertions(+), 2 deletions(-)
 tests:  0|1
total_score: 60/70
2bb10e6
Thu 17 Aug 2023 03:21:23 AM UTC: 
 exercises.c | 31 ++++++++++++++++++++++++++++++-
 1 file changed, 30 insertions(+), 1 deletion(-)
In file included from test.c:1:
exercises.c: In function ‘crearListaEnlazada’:
exercises.c:198:15: error: ‘Nodo’ {aka ‘struct nodo’} has no member named ‘dato’
  198 |     primerNodo->dato = arr[0];
      |               ^~
exercises.c:210:18: error: ‘Nodo’ {aka ‘struct nodo’} has no member named ‘dato’
  210 |         nuevoNodo->dato = arr[i];
      |                  ^~
Compilation failed
d2e6232
